{
  "Unit Tests": {
    "coverage": {
      "/home/pi2_test/rails/cyclepark/app/models/contract.rb": [
        null,
        1,
        1,
        1,
        1,
        null,
        1,
        1,
        1,
        null,
        1,
        null,
        null,
        1,
        null,
        null,
        1,
        null,
        null,
        null,
        1,
        null,
        null,
        null,
        1,
        null,
        null,
        null,
        null,
        null,
        1,
        null,
        null,
        null,
        null,
        null,
        1,
        null,
        null,
        null,
        null,
        null,
        1,
        null,
        1,
        null,
        1,
        1,
        1,
        null,
        1,
        243,
        29,
        null,
        214,
        null,
        null,
        243,
        null,
        null,
        225,
        225,
        null,
        null,
        null,
        18,
        null,
        null,
        null,
        1,
        null,
        null,
        1,
        1,
        null
      ],
      "/home/pi2_test/rails/cyclepark/app/models/concerns/staffs_exist.rb": [
        1,
        1,
        1,
        281,
        3,
        null,
        null,
        null
      ],
      "/home/pi2_test/rails/cyclepark/app/models/concerns/contracts_validate.rb": [
        1,
        1,
        1,
        null,
        null,
        1,
        225,
        null,
        null,
        null,
        782,
        3,
        3,
        null,
        null,
        null,
        null,
        null,
        1,
        18,
        18,
        6,
        6,
        null,
        null,
        null,
        null,
        1,
        10,
        10,
        2,
        2,
        null,
        null,
        null
      ],
      "/home/pi2_test/rails/cyclepark/app/models/concerns/contracts_set_params.rb": [
        1,
        null,
        null,
        1,
        1,
        null,
        1,
        247,
        null,
        null,
        1,
        null,
        33,
        33,
        33,
        33,
        null,
        null,
        1,
        220,
        null,
        null,
        220,
        220,
        220,
        null,
        null,
        null,
        null,
        1,
        247,
        null,
        null,
        247,
        188,
        188,
        null,
        null,
        59,
        59,
        null,
        null,
        null,
        1,
        246,
        null,
        null,
        null,
        246,
        683,
        null,
        null,
        null,
        1,
        246,
        246,
        null,
        null,
        null,
        246,
        71,
        null,
        null,
        null,
        null,
        null,
        null,
        null,
        1,
        20,
        100,
        81,
        81,
        null,
        null,
        null,
        null,
        null,
        1,
        201,
        null,
        null,
        null,
        1,
        9,
        9,
        null,
        9,
        3,
        null,
        6,
        null,
        null,
        null
      ],
      "/home/pi2_test/rails/cyclepark/app/models/leaf.rb": [
        null,
        1,
        1,
        1,
        null,
        null,
        1,
        1,
        null,
        1,
        null,
        null,
        1,
        null,
        null,
        null,
        null,
        1,
        null,
        null,
        null,
        null,
        1,
        null,
        1,
        null,
        1,
        null,
        1,
        null,
        null,
        1,
        null,
        1,
        null,
        1,
        null,
        1,
        null,
        1,
        null,
        383,
        1,
        1,
        null,
        null,
        null,
        null,
        1,
        4,
        2,
        2,
        null,
        null,
        null
      ],
      "/home/pi2_test/rails/cyclepark/app/models/customer.rb": [
        1,
        null,
        null,
        1,
        1,
        null,
        1,
        1,
        1,
        null,
        1,
        null,
        null,
        1,
        null,
        null,
        1,
        null,
        null,
        1,
        null,
        null,
        1,
        null,
        1,
        null,
        null,
        1,
        null,
        null,
        null,
        1,
        null,
        null,
        1,
        null,
        null,
        1,
        null,
        null,
        1,
        693,
        693,
        null,
        null
      ],
      "/home/pi2_test/rails/cyclepark/app/models/multi_seals_update.rb": [
        null,
        1,
        1,
        1,
        null,
        1,
        1,
        1,
        null,
        1,
        null,
        null,
        null,
        1,
        null,
        null,
        1,
        1,
        null,
        1,
        null,
        25,
        null,
        null,
        11,
        11,
        null,
        null,
        null,
        11,
        null,
        null,
        null,
        0,
        0,
        null,
        null,
        1,
        null,
        null,
        1,
        38,
        null,
        136,
        10,
        10,
        28,
        2,
        2,
        null,
        null,
        null,
        1,
        11,
        null,
        null,
        null,
        null,
        null,
        null,
        null
      ],
      "/home/pi2_test/rails/cyclepark/app/models/seal.rb": [
        null,
        1,
        1,
        null,
        1,
        null,
        null,
        1,
        null,
        null,
        1,
        null,
        1,
        null,
        1,
        null,
        null,
        null
      ],
      "/home/pi2_test/rails/cyclepark/app/models/staffdetail.rb": [
        1,
        null,
        null,
        1,
        1,
        null,
        1,
        1,
        null,
        1,
        null,
        1,
        null,
        null,
        1,
        null,
        null,
        null,
        1,
        null,
        null,
        1,
        null,
        null,
        1,
        null,
        null,
        null,
        1,
        null,
        null,
        null,
        1,
        50,
        null,
        null
      ],
      "/home/pi2_test/rails/cyclepark/app/models/staff.rb": [
        null,
        1,
        1,
        null,
        null,
        1,
        null,
        1,
        null,
        null,
        null,
        1,
        null,
        null,
        null,
        1,
        null,
        null,
        null,
        null,
        1,
        1,
        68,
        null,
        68,
        null,
        null,
        1,
        null,
        1,
        67,
        null,
        null,
        null,
        null,
        null,
        null,
        1,
        null,
        23,
        null,
        23,
        null,
        null
      ],
      "/home/pi2_test/rails/cyclepark/app/helpers/application_helper.rb": [
        1,
        null
      ],
      "/home/pi2_test/rails/cyclepark/app/helpers/contracts_helper.rb": [
        1,
        null
      ],
      "/home/pi2_test/rails/cyclepark/app/helpers/count_contracts_summary_helper.rb": [
        1,
        null
      ],
      "/home/pi2_test/rails/cyclepark/app/helpers/customers_helper.rb": [
        1,
        null
      ],
      "/home/pi2_test/rails/cyclepark/app/helpers/daily_contracts_report_helper.rb": [
        1,
        null
      ],
      "/home/pi2_test/rails/cyclepark/app/helpers/leafs_helper.rb": [
        1,
        null
      ],
      "/home/pi2_test/rails/cyclepark/app/helpers/leafs_search_helper.rb": [
        1,
        null
      ],
      "/home/pi2_test/rails/cyclepark/app/helpers/login_helper.rb": [
        1,
        null
      ],
      "/home/pi2_test/rails/cyclepark/app/helpers/menu_helper.rb": [
        1,
        null
      ],
      "/home/pi2_test/rails/cyclepark/app/helpers/multi_seals_update_helper.rb": [
        1,
        null
      ],
      "/home/pi2_test/rails/cyclepark/app/helpers/seals_helper.rb": [
        1,
        null
      ],
      "/home/pi2_test/rails/cyclepark/app/helpers/staffdetails_helper.rb": [
        1,
        null
      ],
      "/home/pi2_test/rails/cyclepark/app/helpers/staffs_helper.rb": [
        1,
        null
      ],
      "/home/pi2_test/rails/cyclepark/app/helpers/termsprice_helper.rb": [
        1,
        null
      ],
      "/home/pi2_test/rails/cyclepark/app/controllers/contracts_controller.rb": [
        null,
        1,
        1,
        1,
        null,
        null,
        1,
        1,
        null,
        1,
        1,
        1,
        1,
        null,
        null,
        null,
        1,
        3,
        3,
        null,
        null,
        null,
        null,
        1,
        1,
        1,
        null,
        null,
        null,
        1,
        2,
        null,
        null,
        null,
        null,
        1,
        23,
        null,
        23,
        23,
        null,
        20,
        28,
        16,
        null,
        null,
        null,
        7,
        null,
        null,
        null,
        null,
        null,
        null,
        1,
        7,
        7,
        10,
        5,
        null,
        2,
        null,
        null,
        null,
        null,
        null,
        null,
        1,
        6,
        6,
        10,
        5,
        null,
        1,
        null,
        null,
        null,
        null,
        1,
        null,
        null,
        1,
        16,
        null,
        null,
        1,
        14,
        null,
        null,
        1,
        8,
        null,
        null,
        1,
        6,
        3,
        null,
        null,
        null,
        null,
        1,
        12,
        12,
        null,
        null,
        1,
        2,
        2,
        null,
        null,
        1,
        12,
        9,
        7,
        null,
        null,
        1,
        16,
        12,
        null,
        4,
        null,
        null,
        null,
        null,
        null,
        1,
        23,
        null,
        null,
        null,
        null,
        null,
        null,
        null,
        1,
        7,
        null,
        null,
        null,
        null,
        null,
        null,
        null,
        null,
        null,
        null,
        null
      ],
      "/home/pi2_test/rails/cyclepark/app/controllers/application_controller.rb": [
        null,
        1,
        null,
        null,
        1,
        1,
        null,
        1,
        null,
        1,
        448,
        379,
        379,
        0,
        null,
        0,
        null,
        null,
        69,
        null,
        null,
        null,
        1,
        69,
        69,
        69,
        null,
        null
      ],
      "/home/pi2_test/rails/cyclepark/app/controllers/concerns/session_action.rb": [
        2,
        null,
        1,
        81,
        7,
        7,
        7,
        null,
        null,
        null,
        null
      ],
      "/home/pi2_test/rails/cyclepark/app/controllers/concerns/ajax_helper.rb": [
        1,
        1,
        14,
        null,
        null
      ],
      "/home/pi2_test/rails/cyclepark/app/controllers/count_contracts_summary_controller.rb": [
        null,
        1,
        1,
        null,
        null,
        1,
        null,
        1,
        6,
        null,
        6,
        5,
        null,
        1,
        1,
        1,
        null,
        null,
        null,
        null,
        null
      ],
      "/home/pi2_test/rails/cyclepark/app/controllers/daily_contracts_report_controller.rb": [
        null,
        1,
        1,
        26,
        null,
        26,
        18,
        null,
        8,
        null,
        null,
        null,
        1,
        null,
        1,
        18,
        18,
        18,
        null,
        null,
        1,
        8,
        8,
        8,
        null,
        null,
        null,
        null
      ],
      "/home/pi2_test/rails/cyclepark/app/controllers/leafs_controller.rb": [
        null,
        1,
        1,
        null,
        1,
        1,
        null,
        1,
        1,
        1,
        null,
        null,
        null,
        1,
        1,
        null,
        null,
        null,
        null,
        1,
        null,
        53,
        53,
        53,
        null,
        null,
        null,
        1,
        13,
        13,
        null,
        null,
        null,
        1,
        null,
        null,
        null,
        null,
        1,
        17,
        null,
        17,
        17,
        26,
        13,
        null,
        8,
        4,
        null,
        null,
        null,
        null,
        null,
        null,
        1,
        9,
        9,
        10,
        5,
        null,
        8,
        4,
        null,
        null,
        null,
        null,
        null,
        null,
        1,
        4,
        4,
        8,
        4,
        null,
        null,
        null,
        1,
        null,
        null,
        1,
        71,
        null,
        null,
        null,
        null,
        1,
        26,
        null,
        null,
        null,
        null,
        null,
        null,
        null,
        null,
        null,
        null,
        null
      ],
      "/home/pi2_test/rails/cyclepark/app/controllers/leafs_search_controller.rb": [
        null,
        1,
        1,
        29,
        29,
        null,
        29,
        29,
        20,
        20,
        null,
        9,
        null,
        null,
        null,
        null,
        1,
        null,
        1,
        20,
        null,
        10,
        10,
        null,
        5,
        null,
        null,
        5,
        null,
        null,
        null,
        1,
        10,
        10,
        null,
        10,
        0,
        null,
        null,
        null,
        1,
        10,
        5,
        0,
        null,
        null,
        null,
        1,
        10,
        5,
        null,
        null,
        1,
        9,
        9,
        null,
        9,
        0,
        null,
        null,
        null,
        null,
        1,
        58,
        20,
        null,
        null,
        null,
        38,
        null,
        null,
        null,
        null,
        null
      ],
      "/home/pi2_test/rails/cyclepark/app/controllers/menu_controller.rb": [
        null,
        1,
        1,
        73,
        null,
        null
      ],
      "/home/pi2_test/rails/cyclepark/app/controllers/multi_seals_update_controller.rb": [
        null,
        1,
        1,
        null,
        1,
        16,
        16,
        null,
        16,
        12,
        null,
        4,
        4,
        null,
        null,
        16,
        null,
        null,
        1,
        null,
        null,
        10,
        10,
        null,
        10,
        10,
        5,
        null,
        5,
        null,
        null,
        null,
        null,
        1,
        null,
        1,
        32,
        null,
        null,
        32,
        null,
        null,
        null,
        null,
        null,
        null,
        null,
        1,
        null,
        10,
        null,
        null,
        null,
        null,
        null,
        null,
        1,
        null,
        32,
        8,
        null,
        24,
        null,
        null,
        null,
        32,
        32,
        null,
        null,
        1,
        8,
        null,
        null,
        null,
        null,
        null,
        null,
        1,
        null,
        null,
        null,
        24,
        4,
        null,
        null,
        null,
        1,
        null,
        null,
        12,
        null,
        null,
        1,
        16,
        null,
        null,
        null,
        null,
        null,
        null,
        1,
        5,
        5,
        null,
        5,
        0,
        null,
        null,
        null,
        1,
        5,
        5,
        null,
        null,
        5,
        0,
        null,
        null,
        null
      ],
      "/home/pi2_test/rails/cyclepark/app/controllers/seals_controller.rb": [
        null,
        1,
        1,
        null,
        1,
        null,
        1,
        null,
        null,
        null,
        1,
        6,
        6,
        4,
        null,
        2,
        2,
        null,
        null,
        null,
        null,
        1,
        null,
        null,
        1,
        6,
        null,
        null,
        null,
        null,
        1,
        6,
        null,
        null,
        null,
        null,
        null,
        null,
        null,
        null,
        1,
        4,
        4,
        null,
        4,
        0,
        0,
        null,
        4,
        0,
        null,
        null,
        null,
        1,
        2,
        2,
        null,
        null,
        2,
        0,
        null,
        null,
        null
      ],
      "/home/pi2_test/rails/cyclepark/app/controllers/staffs_controller.rb": [
        1,
        null,
        null,
        1,
        1,
        null,
        1,
        1,
        1,
        null,
        null,
        1,
        1,
        null,
        null,
        null,
        1,
        6,
        null,
        null,
        null,
        null,
        1,
        null,
        null,
        null,
        1,
        7,
        7,
        null,
        null,
        null,
        1,
        null,
        null,
        null,
        null,
        1,
        11,
        null,
        11,
        11,
        7,
        null,
        4,
        null,
        null,
        null,
        null,
        null,
        null,
        1,
        7,
        7,
        4,
        null,
        3,
        null,
        null,
        null,
        null,
        null,
        null,
        1,
        3,
        3,
        6,
        3,
        null,
        null,
        null,
        1,
        null,
        null,
        1,
        20,
        null,
        null,
        null,
        null,
        1,
        18,
        null,
        null,
        null,
        null,
        null,
        null,
        null,
        null,
        null,
        null,
        null,
        1,
        22,
        11,
        null,
        null,
        1,
        14,
        7,
        0,
        null,
        null,
        null
      ],
      "/home/pi2_test/rails/cyclepark/app/controllers/termsprice_controller.rb": [
        null,
        1,
        1,
        18,
        null,
        null,
        null,
        null,
        18,
        14,
        null,
        4,
        null,
        null,
        null
      ],
      "/home/pi2_test/rails/cyclepark/app/models/count_contracts_summary.rb": [
        null,
        1,
        1,
        null,
        1,
        null,
        1,
        null,
        null,
        1,
        null,
        1,
        19,
        null,
        null,
        1,
        8,
        null,
        null,
        null,
        null,
        null,
        null,
        null,
        null,
        null,
        8,
        null,
        null,
        1,
        null,
        null,
        1,
        64,
        null,
        null,
        null,
        null,
        null,
        1,
        null,
        null,
        56,
        8,
        8,
        8,
        null,
        null,
        null
      ],
      "/home/pi2_test/rails/cyclepark/app/models/daily_contracts_report.rb": [
        null,
        1,
        1,
        null,
        1,
        1,
        1,
        null,
        1,
        null,
        null,
        1,
        null,
        null,
        1,
        42,
        42,
        null,
        null,
        1,
        23,
        null,
        null,
        1,
        null,
        22,
        null,
        88,
        null,
        null,
        null,
        22,
        null,
        null,
        22,
        9,
        null,
        null,
        null,
        22,
        null,
        22,
        null,
        null
      ],
      "/home/pi2_test/rails/cyclepark/app/models/daily_contracts_query.rb": [
        null,
        1,
        1,
        42,
        null,
        null,
        1,
        null,
        null,
        null,
        23,
        null,
        null,
        null,
        null,
        null,
        null,
        null,
        null,
        null,
        null,
        null,
        null,
        null,
        null,
        null,
        null,
        1,
        null,
        null,
        null,
        null,
        null,
        22,
        null,
        null
      ],
      "/home/pi2_test/rails/cyclepark/app/models/leafs_search_validator.rb": [
        null,
        1,
        1,
        null,
        1,
        1,
        1,
        1,
        null,
        null,
        null,
        1,
        null,
        null,
        null,
        null,
        null,
        null,
        null,
        1,
        null,
        null,
        null,
        null,
        null,
        null,
        null,
        1,
        null,
        1,
        null,
        null,
        null,
        null,
        1,
        236,
        null,
        null
      ],
      "/home/pi2_test/rails/cyclepark/app/models/number_sealsid_list_validator.rb": [
        null,
        1,
        1,
        null,
        1,
        1,
        1,
        1,
        null,
        1,
        null,
        1,
        null,
        null,
        null,
        null,
        null,
        null,
        null,
        1,
        null,
        1,
        null,
        null,
        1,
        null,
        null
      ],
      "/home/pi2_test/rails/cyclepark/app/models/termsprice.rb": [
        null,
        1,
        1,
        null,
        1,
        1,
        null,
        1,
        null,
        null,
        null,
        null,
        null,
        null,
        null,
        null,
        1,
        null,
        1,
        62,
        62,
        null,
        62,
        null,
        26,
        null,
        24,
        null,
        12,
        null,
        null,
        null,
        1,
        null,
        1,
        28,
        null,
        null,
        1,
        null,
        null,
        26,
        null,
        null,
        null,
        null,
        26,
        null,
        null,
        1,
        24,
        null,
        null,
        null,
        null,
        24,
        null,
        null,
        1,
        12,
        null,
        null
      ],
      "/home/pi2_test/rails/cyclepark/app/models/count_contracts_array.rb": [
        null,
        1,
        1,
        8,
        null,
        null,
        1,
        8,
        8,
        8,
        null,
        null,
        null,
        8,
        null,
        null,
        null,
        null,
        null,
        null,
        null,
        1,
        null,
        1,
        null,
        24,
        null,
        null,
        24,
        null,
        null,
        1,
        null,
        null,
        24,
        null,
        null,
        24,
        null,
        null,
        null,
        1,
        48,
        null,
        null,
        null,
        null,
        null,
        null,
        null,
        null,
        null,
        1,
        48,
        null,
        null,
        1,
        48,
        null,
        null,
        1,
        48,
        null,
        null,
        1,
        48,
        null,
        null,
        1,
        48,
        null,
        null,
        1,
        48,
        null,
        null,
        1,
        48,
        null,
        null
      ],
      "/home/pi2_test/rails/cyclepark/app/models/count_contracts_query.rb": [
        null,
        1,
        1,
        48,
        null,
        null,
        1,
        null,
        null,
        null,
        null,
        null,
        null,
        null,
        24,
        null,
        null,
        1,
        null,
        null,
        null,
        null,
        null,
        null,
        null,
        null,
        24,
        null,
        null
      ],
      "/home/pi2_test/rails/cyclepark/app/controllers/login_controller.rb": [
        null,
        1,
        null,
        1,
        null,
        null,
        1,
        null,
        null,
        1,
        67,
        null,
        67,
        65,
        null,
        2,
        null,
        null,
        null,
        1,
        0,
        0,
        null,
        null,
        1,
        null,
        1,
        65,
        65,
        65,
        65,
        null,
        null,
        1,
        2,
        2,
        2,
        null,
        null
      ]
    },
    "timestamp": 1464879662
  },
  "RSpec": {
    "coverage": {
      "/home/pi2_test/rails/cyclepark/app/helpers/application_helper.rb": [
        1,
        null
      ],
      "/home/pi2_test/rails/cyclepark/app/helpers/contracts_helper.rb": [
        1,
        null
      ],
      "/home/pi2_test/rails/cyclepark/app/helpers/count_contracts_summary_helper.rb": [
        1,
        null
      ],
      "/home/pi2_test/rails/cyclepark/app/helpers/customers_helper.rb": [
        1,
        null
      ],
      "/home/pi2_test/rails/cyclepark/app/helpers/daily_contracts_report_helper.rb": [
        1,
        null
      ],
      "/home/pi2_test/rails/cyclepark/app/helpers/leafs_helper.rb": [
        1,
        null
      ],
      "/home/pi2_test/rails/cyclepark/app/helpers/leafs_search_helper.rb": [
        1,
        null
      ],
      "/home/pi2_test/rails/cyclepark/app/helpers/login_helper.rb": [
        1,
        null
      ],
      "/home/pi2_test/rails/cyclepark/app/helpers/menu_helper.rb": [
        1,
        null
      ],
      "/home/pi2_test/rails/cyclepark/app/helpers/multi_seals_update_helper.rb": [
        1,
        null
      ],
      "/home/pi2_test/rails/cyclepark/app/helpers/seals_helper.rb": [
        1,
        null
      ],
      "/home/pi2_test/rails/cyclepark/app/helpers/staffdetails_helper.rb": [
        1,
        null
      ],
      "/home/pi2_test/rails/cyclepark/app/helpers/staffs_helper.rb": [
        1,
        null
      ],
      "/home/pi2_test/rails/cyclepark/app/helpers/termsprice_helper.rb": [
        1,
        null
      ],
      "/home/pi2_test/rails/cyclepark/app/controllers/seals_controller.rb": [
        null,
        1,
        1,
        null,
        1,
        null,
        1,
        null,
        null,
        null,
        1,
        1,
        1,
        null,
        1,
        1,
        null,
        0,
        null,
        null,
        null,
        null,
        1,
        null,
        null,
        1,
        1,
        null,
        null,
        null,
        null,
        1,
        1,
        null,
        null,
        null,
        null,
        null,
        null,
        null,
        null,
        1,
        1,
        0,
        null,
        1,
        1,
        1,
        null,
        null,
        null,
        1,
        0,
        0,
        null,
        null,
        null
      ],
      "/home/pi2_test/rails/cyclepark/app/controllers/application_controller.rb": [
        null,
        1,
        null,
        null,
        1,
        1,
        null,
        1,
        null,
        1,
        1,
        1,
        1,
        0,
        null,
        0,
        null,
        null,
        0,
        null,
        null,
        null,
        1,
        0,
        0,
        0,
        null,
        null
      ],
      "/home/pi2_test/rails/cyclepark/app/controllers/concerns/ajax_helper.rb": [
        1,
        1,
        1,
        null,
        null
      ],
      "/home/pi2_test/rails/cyclepark/app/controllers/staffs_controller.rb": [
        0,
        0,
        0,
        0,
        0,
        0,
        0,
        0,
        0,
        0,
        0,
        0,
        0,
        0,
        0,
        0,
        0,
        0,
        0,
        0,
        0,
        0,
        0,
        0,
        0,
        0,
        0,
        0,
        0,
        0,
        0,
        0,
        0,
        0,
        0,
        0,
        0,
        0,
        0,
        0,
        0,
        0,
        0,
        0,
        0,
        0,
        0,
        0,
        0,
        0,
        0,
        0,
        0,
        0,
        0,
        0,
        0,
        0,
        0,
        0,
        0,
        0,
        0,
        0,
        0,
        0,
        0,
        0,
        0,
        0,
        0,
        0,
        0,
        0,
        0,
        0,
        0,
        0,
        0,
        0,
        0,
        0,
        0,
        0,
        0,
        0,
        0,
        0,
        0,
        0,
        0,
        0,
        0,
        0,
        0,
        0,
        0,
        0,
        0,
        0,
        0,
        0,
        0,
        0,
        0
      ],
      "/home/pi2_test/rails/cyclepark/app/controllers/concerns/session_action.rb": [
        0,
        0,
        0,
        0,
        0,
        0,
        0,
        0,
        0,
        0,
        0
      ],
      "/home/pi2_test/rails/cyclepark/app/controllers/menu_controller.rb": [
        0,
        0,
        0,
        0,
        0,
        0
      ],
      "/home/pi2_test/rails/cyclepark/app/controllers/multi_seals_update_controller.rb": [
        0,
        0,
        0,
        0,
        0,
        0,
        0,
        0,
        0,
        0,
        0,
        0,
        0,
        0,
        0,
        0,
        0,
        0,
        0,
        0,
        0,
        0,
        0,
        0,
        0,
        0,
        0,
        0,
        0,
        0,
        0,
        0,
        0,
        0,
        0,
        0,
        0,
        0,
        0,
        0,
        0,
        0,
        0,
        0,
        0,
        0,
        0,
        0,
        0,
        0,
        0,
        0,
        0,
        0,
        0,
        0,
        0,
        0,
        0,
        0,
        0,
        0,
        0,
        0,
        0,
        0,
        0,
        0,
        0,
        0,
        0,
        0,
        0,
        0,
        0,
        0,
        0,
        0,
        0,
        0,
        0,
        0,
        0,
        0,
        0,
        0,
        0,
        0,
        0,
        0,
        0,
        0,
        0,
        0,
        0,
        0,
        0,
        0,
        0,
        0,
        0,
        0,
        0,
        0,
        0,
        0,
        0,
        0,
        0,
        0,
        0,
        0,
        0,
        0,
        0,
        0,
        0,
        0,
        0
      ],
      "/home/pi2_test/rails/cyclepark/app/controllers/daily_contracts_report_controller.rb": [
        0,
        0,
        0,
        0,
        0,
        0,
        0,
        0,
        0,
        0,
        0,
        0,
        0,
        0,
        0,
        0,
        0,
        0,
        0,
        0,
        0,
        0,
        0,
        0,
        0,
        0,
        0,
        0
      ],
      "/home/pi2_test/rails/cyclepark/app/controllers/count_contracts_summary_controller.rb": [
        0,
        0,
        0,
        0,
        0,
        0,
        0,
        0,
        0,
        0,
        0,
        0,
        0,
        0,
        0,
        0,
        0,
        0,
        0,
        0,
        0
      ],
      "/home/pi2_test/rails/cyclepark/app/controllers/leafs_controller.rb": [
        0,
        0,
        0,
        0,
        0,
        0,
        0,
        0,
        0,
        0,
        0,
        0,
        0,
        0,
        0,
        0,
        0,
        0,
        0,
        0,
        0,
        0,
        0,
        0,
        0,
        0,
        0,
        0,
        0,
        0,
        0,
        0,
        0,
        0,
        0,
        0,
        0,
        0,
        0,
        0,
        0,
        0,
        0,
        0,
        0,
        0,
        0,
        0,
        0,
        0,
        0,
        0,
        0,
        0,
        0,
        0,
        0,
        0,
        0,
        0,
        0,
        0,
        0,
        0,
        0,
        0,
        0,
        0,
        0,
        0,
        0,
        0,
        0,
        0,
        0,
        0,
        0,
        0,
        0,
        0,
        0,
        0,
        0,
        0,
        0,
        0,
        0,
        0,
        0,
        0,
        0,
        0,
        0,
        0,
        0,
        0,
        0,
        0
      ],
      "/home/pi2_test/rails/cyclepark/app/controllers/contracts_controller.rb": [
        0,
        0,
        0,
        0,
        0,
        0,
        0,
        0,
        0,
        0,
        0,
        0,
        0,
        0,
        0,
        0,
        0,
        0,
        0,
        0,
        0,
        0,
        0,
        0,
        0,
        0,
        0,
        0,
        0,
        0,
        0,
        0,
        0,
        0,
        0,
        0,
        0,
        0,
        0,
        0,
        0,
        0,
        0,
        0,
        0,
        0,
        0,
        0,
        0,
        0,
        0,
        0,
        0,
        0,
        0,
        0,
        0,
        0,
        0,
        0,
        0,
        0,
        0,
        0,
        0,
        0,
        0,
        0,
        0,
        0,
        0,
        0,
        0,
        0,
        0,
        0,
        0,
        0,
        0,
        0,
        0,
        0,
        0,
        0,
        0,
        0,
        0,
        0,
        0,
        0,
        0,
        0,
        0,
        0,
        0,
        0,
        0,
        0,
        0,
        0,
        0,
        0,
        0,
        0,
        0,
        0,
        0,
        0,
        0,
        0,
        0,
        0,
        0,
        0,
        0,
        0,
        0,
        0,
        0,
        0,
        0,
        0,
        0,
        0,
        0,
        0,
        0,
        0,
        0,
        0,
        0,
        0,
        0,
        0,
        0,
        0,
        0,
        0,
        0,
        0,
        0,
        0,
        0,
        0,
        0,
        0,
        0,
        0
      ],
      "/home/pi2_test/rails/cyclepark/app/controllers/leafs_search_controller.rb": [
        0,
        0,
        0,
        0,
        0,
        0,
        0,
        0,
        0,
        0,
        0,
        0,
        0,
        0,
        0,
        0,
        0,
        0,
        0,
        0,
        0,
        0,
        0,
        0,
        0,
        0,
        0,
        0,
        0,
        0,
        0,
        0,
        0,
        0,
        0,
        0,
        0,
        0,
        0,
        0,
        0,
        0,
        0,
        0,
        0,
        0,
        0,
        0,
        0,
        0,
        0,
        0,
        0,
        0,
        0,
        0,
        0,
        0,
        0,
        0,
        0,
        0,
        0,
        0,
        0,
        0,
        0,
        0,
        0,
        0,
        0,
        0,
        0,
        0
      ],
      "/home/pi2_test/rails/cyclepark/app/controllers/login_controller.rb": [
        0,
        0,
        0,
        0,
        0,
        0,
        0,
        0,
        0,
        0,
        0,
        0,
        0,
        0,
        0,
        0,
        0,
        0,
        0,
        0,
        0,
        0,
        0,
        0,
        0,
        0,
        0,
        0,
        0,
        0,
        0,
        0,
        0,
        0,
        0,
        0,
        0,
        0,
        0,
        0,
        0,
        0,
        0,
        0,
        0,
        0,
        0,
        0,
        0,
        0
      ],
      "/home/pi2_test/rails/cyclepark/app/controllers/termsprice_controller.rb": [
        0,
        0,
        0,
        0,
        0,
        0,
        0,
        0,
        0,
        0,
        0,
        0,
        0,
        0,
        0
      ],
      "/home/pi2_test/rails/cyclepark/app/models/concerns/contracts_set_params.rb": [
        0,
        0,
        0,
        0,
        0,
        0,
        0,
        0,
        0,
        0,
        0,
        0,
        0,
        0,
        0,
        0,
        0,
        0,
        0,
        0,
        0,
        0,
        0,
        0,
        0,
        0,
        0,
        0,
        0,
        0,
        0,
        0,
        0,
        0,
        0,
        0,
        0,
        0,
        0,
        0,
        0,
        0,
        0,
        0,
        0,
        0,
        0,
        0,
        0,
        0,
        0,
        0,
        0,
        0,
        0,
        0,
        0,
        0,
        0,
        0,
        0,
        0,
        0,
        0,
        0,
        0,
        0,
        0,
        0,
        0,
        0,
        0,
        0,
        0,
        0,
        0,
        0,
        0,
        0,
        0,
        0,
        0,
        0,
        0,
        0,
        0,
        0,
        0,
        0,
        0,
        0,
        0,
        0,
        0
      ],
      "/home/pi2_test/rails/cyclepark/app/models/concerns/staffs_exist.rb": [
        0,
        0,
        0,
        0,
        0,
        0,
        0,
        0
      ],
      "/home/pi2_test/rails/cyclepark/app/models/concerns/contracts_validate.rb": [
        0,
        0,
        0,
        0,
        0,
        0,
        0,
        0,
        0,
        0,
        0,
        0,
        0,
        0,
        0,
        0,
        0,
        0,
        0,
        0,
        0,
        0,
        0,
        0,
        0,
        0,
        0,
        0,
        0,
        0,
        0,
        0,
        0,
        0,
        0
      ],
      "/home/pi2_test/rails/cyclepark/app/models/customer.rb": [
        0,
        0,
        0,
        0,
        0,
        0,
        0,
        0,
        0,
        0,
        0,
        0,
        0,
        0,
        0,
        0,
        0,
        0,
        0,
        0,
        0,
        0,
        0,
        0,
        0,
        0,
        0,
        0,
        0,
        0,
        0,
        0,
        0,
        0,
        0,
        0,
        0,
        0,
        0,
        0,
        0,
        0,
        0,
        0,
        0
      ],
      "/home/pi2_test/rails/cyclepark/app/models/staffdetail.rb": [
        0,
        0,
        0,
        0,
        0,
        0,
        0,
        0,
        0,
        0,
        0,
        0,
        0,
        0,
        0,
        0,
        0,
        0,
        0,
        0,
        0,
        0,
        0,
        0,
        0,
        0,
        0,
        0,
        0,
        0,
        0,
        0,
        0,
        0,
        0,
        0
      ],
      "/home/pi2_test/rails/cyclepark/app/models/daily_contracts_query.rb": [
        0,
        0,
        0,
        0,
        0,
        0,
        0,
        0,
        0,
        0,
        0,
        0,
        0,
        0,
        0,
        0,
        0,
        0,
        0,
        0,
        0,
        0,
        0,
        0,
        0,
        0,
        0,
        0,
        0,
        0,
        0,
        0,
        0,
        0,
        0,
        0
      ],
      "/home/pi2_test/rails/cyclepark/app/models/number_sealsid_list_validator.rb": [
        0,
        0,
        0,
        0,
        0,
        0,
        0,
        0,
        0,
        0,
        0,
        0,
        0,
        0,
        0,
        0,
        0,
        0,
        0,
        0,
        0,
        0,
        0,
        0,
        0,
        0,
        0
      ],
      "/home/pi2_test/rails/cyclepark/app/models/count_contracts_summary.rb": [
        0,
        0,
        0,
        0,
        0,
        0,
        0,
        0,
        0,
        0,
        0,
        0,
        0,
        0,
        0,
        0,
        0,
        0,
        0,
        0,
        0,
        0,
        0,
        0,
        0,
        0,
        0,
        0,
        0,
        0,
        0,
        0,
        0,
        0,
        0,
        0,
        0,
        0,
        0,
        0,
        0,
        0,
        0,
        0,
        0,
        0,
        0,
        0,
        0
      ],
      "/home/pi2_test/rails/cyclepark/app/models/staff.rb": [
        0,
        0,
        0,
        0,
        0,
        0,
        0,
        0,
        0,
        0,
        0,
        0,
        0,
        0,
        0,
        0,
        0,
        0,
        0,
        0,
        0,
        0,
        0,
        0,
        0,
        0,
        0,
        0,
        0,
        0,
        0,
        0,
        0,
        0,
        0,
        0,
        0,
        0,
        0,
        0,
        0,
        0,
        0,
        0
      ],
      "/home/pi2_test/rails/cyclepark/app/models/count_contracts_query.rb": [
        0,
        0,
        0,
        0,
        0,
        0,
        0,
        0,
        0,
        0,
        0,
        0,
        0,
        0,
        0,
        0,
        0,
        0,
        0,
        0,
        0,
        0,
        0,
        0,
        0,
        0,
        0,
        0,
        0
      ],
      "/home/pi2_test/rails/cyclepark/app/models/count_contracts_array.rb": [
        0,
        0,
        0,
        0,
        0,
        0,
        0,
        0,
        0,
        0,
        0,
        0,
        0,
        0,
        0,
        0,
        0,
        0,
        0,
        0,
        0,
        0,
        0,
        0,
        0,
        0,
        0,
        0,
        0,
        0,
        0,
        0,
        0,
        0,
        0,
        0,
        0,
        0,
        0,
        0,
        0,
        0,
        0,
        0,
        0,
        0,
        0,
        0,
        0,
        0,
        0,
        0,
        0,
        0,
        0,
        0,
        0,
        0,
        0,
        0,
        0,
        0,
        0,
        0,
        0,
        0,
        0,
        0,
        0,
        0,
        0,
        0,
        0,
        0,
        0,
        0,
        0,
        0,
        0,
        0
      ],
      "/home/pi2_test/rails/cyclepark/app/models/seal.rb": [
        0,
        0,
        0,
        0,
        0,
        0,
        0,
        0,
        0,
        0,
        0,
        0,
        0,
        0,
        0,
        0,
        0,
        0
      ],
      "/home/pi2_test/rails/cyclepark/app/models/daily_contracts_report.rb": [
        0,
        0,
        0,
        0,
        0,
        0,
        0,
        0,
        0,
        0,
        0,
        0,
        0,
        0,
        0,
        0,
        0,
        0,
        0,
        0,
        0,
        0,
        0,
        0,
        0,
        0,
        0,
        0,
        0,
        0,
        0,
        0,
        0,
        0,
        0,
        0,
        0,
        0,
        0,
        0,
        0,
        0,
        0,
        0
      ],
      "/home/pi2_test/rails/cyclepark/app/models/leafs_search_validator.rb": [
        0,
        0,
        0,
        0,
        0,
        0,
        0,
        0,
        0,
        0,
        0,
        0,
        0,
        0,
        0,
        0,
        0,
        0,
        0,
        0,
        0,
        0,
        0,
        0,
        0,
        0,
        0,
        0,
        0,
        0,
        0,
        0,
        0,
        0,
        0,
        0,
        0,
        0
      ],
      "/home/pi2_test/rails/cyclepark/app/models/contract.rb": [
        0,
        0,
        0,
        0,
        0,
        0,
        0,
        0,
        0,
        0,
        0,
        0,
        0,
        0,
        0,
        0,
        0,
        0,
        0,
        0,
        0,
        0,
        0,
        0,
        0,
        0,
        0,
        0,
        0,
        0,
        0,
        0,
        0,
        0,
        0,
        0,
        0,
        0,
        0,
        0,
        0,
        0,
        0,
        0,
        0,
        0,
        0,
        0,
        0,
        0,
        0,
        0,
        0,
        0,
        0,
        0,
        0,
        0,
        0,
        0,
        0,
        0,
        0,
        0,
        0,
        0,
        0,
        0,
        0,
        0,
        0,
        0,
        0,
        0,
        0
      ],
      "/home/pi2_test/rails/cyclepark/app/models/leaf.rb": [
        0,
        0,
        0,
        0,
        0,
        0,
        0,
        0,
        0,
        0,
        0,
        0,
        0,
        0,
        0,
        0,
        0,
        0,
        0,
        0,
        0,
        0,
        0,
        0,
        0,
        0,
        0,
        0,
        0,
        0,
        0,
        0,
        0,
        0,
        0,
        0,
        0,
        0,
        0,
        0,
        0,
        0,
        0,
        0,
        0,
        0,
        0,
        0,
        0,
        0,
        0,
        0,
        0,
        0,
        0
      ],
      "/home/pi2_test/rails/cyclepark/app/models/termsprice.rb": [
        0,
        0,
        0,
        0,
        0,
        0,
        0,
        0,
        0,
        0,
        0,
        0,
        0,
        0,
        0,
        0,
        0,
        0,
        0,
        0,
        0,
        0,
        0,
        0,
        0,
        0,
        0,
        0,
        0,
        0,
        0,
        0,
        0,
        0,
        0,
        0,
        0,
        0,
        0,
        0,
        0,
        0,
        0,
        0,
        0,
        0,
        0,
        0,
        0,
        0,
        0,
        0,
        0,
        0,
        0,
        0,
        0,
        0,
        0,
        0,
        0,
        0
      ],
      "/home/pi2_test/rails/cyclepark/app/models/multi_seals_update.rb": [
        0,
        0,
        0,
        0,
        0,
        0,
        0,
        0,
        0,
        0,
        0,
        0,
        0,
        0,
        0,
        0,
        0,
        0,
        0,
        0,
        0,
        0,
        0,
        0,
        0,
        0,
        0,
        0,
        0,
        0,
        0,
        0,
        0,
        0,
        0,
        0,
        0,
        0,
        0,
        0,
        0,
        0,
        0,
        0,
        0,
        0,
        0,
        0,
        0,
        0,
        0,
        0,
        0,
        0,
        0,
        0
      ]
    },
    "timestamp": 1473931470
  }
}
